# JRE version: Java(TM) SE Runtime Environment (8.0_261-b12) (build 1.8.0_261-b12)
# Java VM: Java HotSpot(TM) 64-Bit Server VM (25.261-b12 mixed mode windows-amd64 compressed oops)
Heap:
 PSYoungGen      total 156672K, used 112282K [0x000000076bd80000, 0x0000000776200000, 0x00000007c0000000)
  eden space 152064K, 73% used [0x000000076bd80000,0x0000000772aae8e0,0x0000000775200000)
  from space 4608K, 10% used [0x0000000775d80000,0x0000000775df8000,0x0000000776200000)
  to   space 8192K, 0% used [0x0000000775200000,0x0000000775200000,0x0000000775a00000)
 ParOldGen       total 250880K, used 39829K [0x00000006c3800000, 0x00000006d2d00000, 0x000000076bd80000)
  object space 250880K, 15% used [0x00000006c3800000,0x00000006c5ee5790,0x00000006d2d00000)
 Metaspace       used 63763K, capacity 67020K, committed 67240K, reserved 1107968K
  class space    used 8523K, capacity 9086K, committed 9128K, reserved 1048576K
GC Heap History (10 events):
Event: 56703.109 GC heap before
{Heap before GC invocations=41 (full 3):
 PSYoungGen      total 169472K, used 168960K [0x000000076bd80000, 0x0000000777700000, 0x00000007c0000000)
  eden space 168448K, 100% used [0x000000076bd80000,0x0000000776200000,0x0000000776200000)
  from space 1024K, 50% used [0x0000000776580000,0x0000000776600020,0x0000000776680000)
  to   space 10752K, 0% used [0x0000000776c80000,0x0000000776c80000,0x0000000777700000)
 ParOldGen       total 250880K, used 39773K [0x00000006c3800000, 0x00000006d2d00000, 0x000000076bd80000)
  object space 250880K, 15% used [0x00000006c3800000,0x00000006c5ed7790,0x00000006d2d00000)
 Metaspace       used 63763K, capacity 67020K, committed 67240K, reserved 1107968K
  class space    used 8523K, capacity 9086K, committed 9128K, reserved 1048576K
Event: 56703.111 GC heap after
Heap after GC invocations=41 (full 3):
 PSYoungGen      total 171008K, used 480K [0x000000076bd80000, 0x0000000777280000, 0x00000007c0000000)
  eden space 164864K, 0% used [0x000000076bd80000,0x000000076bd80000,0x0000000775e80000)
  from space 6144K, 7% used [0x0000000776c80000,0x0000000776cf8000,0x0000000777280000)
  to   space 10240K, 0% used [0x0000000775e80000,0x0000000775e80000,0x0000000776880000)
 ParOldGen       total 250880K, used 39813K [0x00000006c3800000, 0x00000006d2d00000, 0x000000076bd80000)
  object space 250880K, 15% used [0x00000006c3800000,0x00000006c5ee1790,0x00000006d2d00000)
 Metaspace       used 63763K, capacity 67020K, committed 67240K, reserved 1107968K
  class space    used 8523K, capacity 9086K, committed 9128K, reserved 1048576K
}
Event: 57348.001 GC heap before
{Heap before GC invocations=42 (full 3):
 PSYoungGen      total 171008K, used 165344K [0x000000076bd80000, 0x0000000777280000, 0x00000007c0000000)
  eden space 164864K, 100% used [0x000000076bd80000,0x0000000775e80000,0x0000000775e80000)
  from space 6144K, 7% used [0x0000000776c80000,0x0000000776cf8000,0x0000000777280000)
  to   space 10240K, 0% used [0x0000000775e80000,0x0000000775e80000,0x0000000776880000)
 ParOldGen       total 250880K, used 39813K [0x00000006c3800000, 0x00000006d2d00000, 0x000000076bd80000)
  object space 250880K, 15% used [0x00000006c3800000,0x00000006c5ee1790,0x00000006d2d00000)
 Metaspace       used 63763K, capacity 67020K, committed 67240K, reserved 1107968K
  class space    used 8523K, capacity 9086K, committed 9128K, reserved 1048576K
Event: 57348.004 GC heap after
Heap after GC invocations=42 (full 3):
 PSYoungGen      total 161792K, used 480K [0x000000076bd80000, 0x0000000776e00000, 0x00000007c0000000)
  eden space 161280K, 0% used [0x000000076bd80000,0x000000076bd80000,0x0000000775b00000)
  from space 512K, 93% used [0x0000000775e80000,0x0000000775ef8000,0x0000000775f00000)
  to   space 9728K, 0% used [0x0000000776480000,0x0000000776480000,0x0000000776e00000)
 ParOldGen       total 250880K, used 39813K [0x00000006c3800000, 0x00000006d2d00000, 0x000000076bd80000)
  object space 250880K, 15% used [0x00000006c3800000,0x00000006c5ee1790,0x00000006d2d00000)
 Metaspace       used 63763K, capacity 67020K, committed 67240K, reserved 1107968K
  class space    used 8523K, capacity 9086K, committed 9128K, reserved 1048576K
}
Event: 57977.286 GC heap before
{Heap before GC invocations=43 (full 3):
 PSYoungGen      total 161792K, used 161760K [0x000000076bd80000, 0x0000000776e00000, 0x00000007c0000000)
  eden space 161280K, 100% used [0x000000076bd80000,0x0000000775b00000,0x0000000775b00000)
  from space 512K, 93% used [0x0000000775e80000,0x0000000775ef8000,0x0000000775f00000)
  to   space 9728K, 0% used [0x0000000776480000,0x0000000776480000,0x0000000776e00000)
 ParOldGen       total 250880K, used 39813K [0x00000006c3800000, 0x00000006d2d00000, 0x000000076bd80000)
  object space 250880K, 15% used [0x00000006c3800000,0x00000006c5ee1790,0x00000006d2d00000)
 Metaspace       used 63763K, capacity 67020K, committed 67240K, reserved 1107968K
  class space    used 8523K, capacity 9086K, committed 9128K, reserved 1048576K
Event: 57977.289 GC heap after
Heap after GC invocations=43 (full 3):
 PSYoungGen      total 163840K, used 512K [0x000000076bd80000, 0x0000000776a00000, 0x00000007c0000000)
  eden space 158208K, 0% used [0x000000076bd80000,0x000000076bd80000,0x0000000775800000)
  from space 5632K, 9% used [0x0000000776480000,0x0000000776500000,0x0000000776a00000)
  to   space 9216K, 0% used [0x0000000775800000,0x0000000775800000,0x0000000776100000)
 ParOldGen       total 250880K, used 39821K [0x00000006c3800000, 0x00000006d2d00000, 0x000000076bd80000)
  object space 250880K, 15% used [0x00000006c3800000,0x00000006c5ee3790,0x00000006d2d00000)
 Metaspace       used 63763K, capacity 67020K, committed 67240K, reserved 1107968K
  class space    used 8523K, capacity 9086K, committed 9128K, reserved 1048576K
}
Event: 58597.167 GC heap before
{Heap before GC invocations=44 (full 3):
 PSYoungGen      total 163840K, used 158720K [0x000000076bd80000, 0x0000000776a00000, 0x00000007c0000000)
  eden space 158208K, 100% used [0x000000076bd80000,0x0000000775800000,0x0000000775800000)
  from space 5632K, 9% used [0x0000000776480000,0x0000000776500000,0x0000000776a00000)
  to   space 9216K, 0% used [0x0000000775800000,0x0000000775800000,0x0000000776100000)
 ParOldGen       total 250880K, used 39821K [0x00000006c3800000, 0x00000006d2d00000, 0x000000076bd80000)
  object space 250880K, 15% used [0x00000006c3800000,0x00000006c5ee3790,0x00000006d2d00000)
 Metaspace       used 63763K, capacity 67020K, committed 67240K, reserved 1107968K
  class space    used 8523K, capacity 9086K, committed 9128K, reserved 1048576K
Event: 58597.173 GC heap after
Heap after GC invocations=44 (full 3):
 PSYoungGen      total 155648K, used 480K [0x000000076bd80000, 0x0000000776600000, 0x00000007c0000000)
  eden space 155136K, 0% used [0x000000076bd80000,0x000000076bd80000,0x0000000775500000)
  from space 512K, 93% used [0x0000000775800000,0x0000000775878000,0x0000000775880000)
  to   space 8704K, 0% used [0x0000000775d80000,0x0000000775d80000,0x0000000776600000)
 ParOldGen       total 250880K, used 39821K [0x00000006c3800000, 0x00000006d2d00000, 0x000000076bd80000)
  object space 250880K, 15% used [0x00000006c3800000,0x00000006c5ee3790,0x00000006d2d00000)
 Metaspace       used 63763K, capacity 67020K, committed 67240K, reserved 1107968K
  class space    used 8523K, capacity 9086K, committed 9128K, reserved 1048576K
}
Event: 59203.016 GC heap before
{Heap before GC invocations=45 (full 3):
 PSYoungGen      total 155648K, used 155616K [0x000000076bd80000, 0x0000000776600000, 0x00000007c0000000)
  eden space 155136K, 100% used [0x000000076bd80000,0x0000000775500000,0x0000000775500000)
  from space 512K, 93% used [0x0000000775800000,0x0000000775878000,0x0000000775880000)
  to   space 8704K, 0% used [0x0000000775d80000,0x0000000775d80000,0x0000000776600000)
 ParOldGen       total 250880K, used 39821K [0x00000006c3800000, 0x00000006d2d00000, 0x000000076bd80000)
  object space 250880K, 15% used [0x00000006c3800000,0x00000006c5ee3790,0x00000006d2d00000)
 Metaspace       used 63763K, capacity 67020K, committed 67240K, reserved 1107968K
  class space    used 8523K, capacity 9086K, committed 9128K, reserved 1048576K
Event: 59203.019 GC heap after
Heap after GC invocations=45 (full 3):
 PSYoungGen      total 156672K, used 480K [0x000000076bd80000, 0x0000000776200000, 0x00000007c0000000)
  eden space 152064K, 0% used [0x000000076bd80000,0x000000076bd80000,0x0000000775200000)
  from space 4608K, 10% used [0x0000000775d80000,0x0000000775df8000,0x0000000776200000)
  to   space 8192K, 0% used [0x0000000775200000,0x0000000775200000,0x0000000775a00000)
 ParOldGen       total 250880K, used 39829K [0x00000006c3800000, 0x00000006d2d00000, 0x000000076bd80000)
  object space 250880K, 15% used [0x00000006c3800000,0x00000006c5ee5790,0x00000006d2d00000)
 Metaspace       used 63763K, capacity 67020K, committed 67240K, reserved 1107968K
  class space    used 8523K, capacity 9086K, committed 9128K, reserved 1048576K
}

