# JRE version: Java(TM) SE Runtime Environment (8.0_261-b12) (build 1.8.0_261-b12)
# Java VM: Java HotSpot(TM) 64-Bit Server VM (25.261-b12 mixed mode windows-amd64 compressed oops)
Heap:
 PSYoungGen      total 75776K, used 66886K [0x000000076bd80000, 0x0000000771200000, 0x00000007c0000000)
  eden space 65024K, 86% used [0x000000076bd80000,0x000000076f4538e8,0x000000076fd00000)
  from space 10752K, 99% used [0x000000076fd00000,0x000000077077e030,0x0000000770780000)
  to   space 10752K, 0% used [0x0000000770780000,0x0000000770780000,0x0000000771200000)
 ParOldGen       total 173568K, used 8645K [0x00000006c3800000, 0x00000006ce180000, 0x000000076bd80000)
  object space 173568K, 4% used [0x00000006c3800000,0x00000006c40717e0,0x00000006ce180000)
 Metaspace       used 16619K, capacity 16982K, committed 17152K, reserved 1064960K
  class space    used 1902K, capacity 1986K, committed 2048K, reserved 1048576K
GC Heap History (6 events):
Event: 1.236 GC heap before
{Heap before GC invocations=1 (full 0):
 PSYoungGen      total 75776K, used 65024K [0x000000076bd80000, 0x0000000771200000, 0x00000007c0000000)
  eden space 65024K, 100% used [0x000000076bd80000,0x000000076fd00000,0x000000076fd00000)
  from space 10752K, 0% used [0x0000000770780000,0x0000000770780000,0x0000000771200000)
  to   space 10752K, 0% used [0x000000076fd00000,0x000000076fd00000,0x0000000770780000)
 ParOldGen       total 173568K, used 0K [0x00000006c3800000, 0x00000006ce180000, 0x000000076bd80000)
  object space 173568K, 0% used [0x00000006c3800000,0x00000006c3800000,0x00000006ce180000)
 Metaspace       used 12035K, capacity 12184K, committed 12416K, reserved 1060864K
  class space    used 1476K, capacity 1543K, committed 1664K, reserved 1048576K
Event: 1.243 GC heap after
Heap after GC invocations=1 (full 0):
 PSYoungGen      total 75776K, used 10453K [0x000000076bd80000, 0x0000000771200000, 0x00000007c0000000)
  eden space 65024K, 0% used [0x000000076bd80000,0x000000076bd80000,0x000000076fd00000)
  from space 10752K, 97% used [0x000000076fd00000,0x00000007707354c0,0x0000000770780000)
  to   space 10752K, 0% used [0x0000000770780000,0x0000000770780000,0x0000000771200000)
 ParOldGen       total 173568K, used 16K [0x00000006c3800000, 0x00000006ce180000, 0x000000076bd80000)
  object space 173568K, 0% used [0x00000006c3800000,0x00000006c3804000,0x00000006ce180000)
 Metaspace       used 12035K, capacity 12184K, committed 12416K, reserved 1060864K
  class space    used 1476K, capacity 1543K, committed 1664K, reserved 1048576K
}
Event: 2.353 GC heap before
{Heap before GC invocations=2 (full 0):
 PSYoungGen      total 75776K, used 75477K [0x000000076bd80000, 0x0000000771200000, 0x00000007c0000000)
  eden space 65024K, 100% used [0x000000076bd80000,0x000000076fd00000,0x000000076fd00000)
  from space 10752K, 97% used [0x000000076fd00000,0x00000007707354c0,0x0000000770780000)
  to   space 10752K, 0% used [0x0000000770780000,0x0000000770780000,0x0000000771200000)
 ParOldGen       total 173568K, used 16K [0x00000006c3800000, 0x00000006ce180000, 0x000000076bd80000)
  object space 173568K, 0% used [0x00000006c3800000,0x00000006c3804000,0x00000006ce180000)
 Metaspace       used 16000K, capacity 16232K, committed 16384K, reserved 1062912K
  class space    used 1894K, capacity 1979K, committed 2048K, reserved 1048576K
Event: 2.359 GC heap after
Heap after GC invocations=2 (full 0):
 PSYoungGen      total 75776K, used 10729K [0x000000076bd80000, 0x0000000771200000, 0x00000007c0000000)
  eden space 65024K, 0% used [0x000000076bd80000,0x000000076bd80000,0x000000076fd00000)
  from space 10752K, 99% used [0x0000000770780000,0x00000007711fa548,0x0000000771200000)
  to   space 10752K, 0% used [0x000000076fd00000,0x000000076fd00000,0x0000000770780000)
 ParOldGen       total 173568K, used 1084K [0x00000006c3800000, 0x00000006ce180000, 0x000000076bd80000)
  object space 173568K, 0% used [0x00000006c3800000,0x00000006c390f368,0x00000006ce180000)
 Metaspace       used 16000K, capacity 16232K, committed 16384K, reserved 1062912K
  class space    used 1894K, capacity 1979K, committed 2048K, reserved 1048576K
}
Event: 2.884 GC heap before
{Heap before GC invocations=3 (full 0):
 PSYoungGen      total 75776K, used 75753K [0x000000076bd80000, 0x0000000771200000, 0x00000007c0000000)
  eden space 65024K, 100% used [0x000000076bd80000,0x000000076fd00000,0x000000076fd00000)
  from space 10752K, 99% used [0x0000000770780000,0x00000007711fa548,0x0000000771200000)
  to   space 10752K, 0% used [0x000000076fd00000,0x000000076fd00000,0x0000000770780000)
 ParOldGen       total 173568K, used 1084K [0x00000006c3800000, 0x00000006ce180000, 0x000000076bd80000)
  object space 173568K, 0% used [0x00000006c3800000,0x00000006c390f368,0x00000006ce180000)
 Metaspace       used 16379K, capacity 16708K, committed 16896K, reserved 1064960K
  class space    used 1900K, capacity 1983K, committed 2048K, reserved 1048576K
Event: 2.893 GC heap after
Heap after GC invocations=3 (full 0):
 PSYoungGen      total 75776K, used 10744K [0x000000076bd80000, 0x0000000771200000, 0x00000007c0000000)
  eden space 65024K, 0% used [0x000000076bd80000,0x000000076bd80000,0x000000076fd00000)
  from space 10752K, 99% used [0x000000076fd00000,0x000000077077e030,0x0000000770780000)
  to   space 10752K, 0% used [0x0000000770780000,0x0000000770780000,0x0000000771200000)
 ParOldGen       total 173568K, used 8645K [0x00000006c3800000, 0x00000006ce180000, 0x000000076bd80000)
  object space 173568K, 4% used [0x00000006c3800000,0x00000006c40717e0,0x00000006ce180000)
 Metaspace       used 16379K, capacity 16708K, committed 16896K, reserved 1064960K
  class space    used 1900K, capacity 1983K, committed 2048K, reserved 1048576K
}

